

[INFO ] 2018-11-02 12:03:21,484 method:org.springframework.test.context.support.AbstractTestContextBootstrapper.getDefaultTestExecutionListenerClassNames(AbstractTestContextBootstrapper.java:248)
Loaded default TestExecutionListener class names from location [META-INF/spring.factories]: [org.springframework.test.context.web.ServletTestExecutionListener, org.springframework.test.context.support.DirtiesContextBeforeModesTestExecutionListener, org.springframework.test.context.support.DependencyInjectionTestExecutionListener, org.springframework.test.context.support.DirtiesContextTestExecutionListener, org.springframework.test.context.transaction.TransactionalTestExecutionListener, org.springframework.test.context.jdbc.SqlScriptsTestExecutionListener]


[INFO ] 2018-11-02 12:03:21,576 method:org.springframework.test.context.support.AbstractTestContextBootstrapper.getTestExecutionListeners(AbstractTestContextBootstrapper.java:174)
Using TestExecutionListeners: [org.springframework.test.context.support.DirtiesContextBeforeModesTestExecutionListener@3c756e4d, org.springframework.test.context.support.DependencyInjectionTestExecutionListener@7c0e2abd, org.springframework.test.context.support.DirtiesContextTestExecutionListener@48eff760, org.springframework.test.context.transaction.TransactionalTestExecutionListener@402f32ff, org.springframework.test.context.jdbc.SqlScriptsTestExecutionListener@573f2bb1]


[INFO ] 2018-11-02 12:03:21,932 method:org.springframework.beans.factory.xml.XmlBeanDefinitionReader.loadBeanDefinitions(XmlBeanDefinitionReader.java:317)
Loading XML bean definitions from class path resource [applicationContext_dao.xml]


[INFO ] 2018-11-02 12:03:22,542 method:org.springframework.context.support.AbstractApplicationContext.prepareRefresh(AbstractApplicationContext.java:583)
Refreshing org.springframework.context.support.GenericApplicationContext@39c0f4a: startup date [Fri Nov 02 12:03:22 CST 2018]; root of context hierarchy


[INFO ] 2018-11-02 12:03:24,804 method:com.alibaba.druid.pool.DruidDataSource.init(DruidDataSource.java:655)
{dataSource-1} inited


[INFO ] 2018-11-02 12:03:25,597 method:org.springframework.context.support.AbstractApplicationContext.doClose(AbstractApplicationContext.java:984)
Closing org.springframework.context.support.GenericApplicationContext@39c0f4a: startup date [Fri Nov 02 12:03:22 CST 2018]; root of context hierarchy


[INFO ] 2018-11-02 12:03:25,610 method:com.alibaba.druid.pool.DruidDataSource.close(DruidDataSource.java:1370)
{dataSource-1} closed


[INFO ] 2018-11-02 14:32:24,016 method:org.springframework.test.context.support.AbstractTestContextBootstrapper.getDefaultTestExecutionListenerClassNames(AbstractTestContextBootstrapper.java:248)
Loaded default TestExecutionListener class names from location [META-INF/spring.factories]: [org.springframework.test.context.web.ServletTestExecutionListener, org.springframework.test.context.support.DirtiesContextBeforeModesTestExecutionListener, org.springframework.test.context.support.DependencyInjectionTestExecutionListener, org.springframework.test.context.support.DirtiesContextTestExecutionListener, org.springframework.test.context.transaction.TransactionalTestExecutionListener, org.springframework.test.context.jdbc.SqlScriptsTestExecutionListener]


[INFO ] 2018-11-02 14:32:24,061 method:org.springframework.test.context.support.AbstractTestContextBootstrapper.getTestExecutionListeners(AbstractTestContextBootstrapper.java:174)
Using TestExecutionListeners: [org.springframework.test.context.support.DirtiesContextBeforeModesTestExecutionListener@1753acfe, org.springframework.test.context.support.DependencyInjectionTestExecutionListener@7c16905e, org.springframework.test.context.support.DirtiesContextTestExecutionListener@2a2d45ba, org.springframework.test.context.transaction.TransactionalTestExecutionListener@2a5ca609, org.springframework.test.context.jdbc.SqlScriptsTestExecutionListener@20e2cbe0]


[INFO ] 2018-11-02 14:32:24,352 method:org.springframework.beans.factory.xml.XmlBeanDefinitionReader.loadBeanDefinitions(XmlBeanDefinitionReader.java:317)
Loading XML bean definitions from class path resource [applicationContext_dao.xml]


[INFO ] 2018-11-02 14:32:25,164 method:org.springframework.context.support.AbstractApplicationContext.prepareRefresh(AbstractApplicationContext.java:583)
Refreshing org.springframework.context.support.GenericApplicationContext@5700d6b1: startup date [Fri Nov 02 14:32:25 CST 2018]; root of context hierarchy


[INFO ] 2018-11-02 14:32:27,620 method:com.alibaba.druid.pool.DruidDataSource.init(DruidDataSource.java:655)
{dataSource-1} inited


[INFO ] 2018-11-02 14:32:28,568 method:org.springframework.context.support.AbstractApplicationContext.doClose(AbstractApplicationContext.java:984)
Closing org.springframework.context.support.GenericApplicationContext@5700d6b1: startup date [Fri Nov 02 14:32:25 CST 2018]; root of context hierarchy


[INFO ] 2018-11-02 14:32:28,578 method:com.alibaba.druid.pool.DruidDataSource.close(DruidDataSource.java:1370)
{dataSource-1} closed


[INFO ] 2018-11-03 14:38:37,874 method:org.springframework.test.context.support.AbstractTestContextBootstrapper.getDefaultTestExecutionListenerClassNames(AbstractTestContextBootstrapper.java:248)
Loaded default TestExecutionListener class names from location [META-INF/spring.factories]: [org.springframework.test.context.web.ServletTestExecutionListener, org.springframework.test.context.support.DirtiesContextBeforeModesTestExecutionListener, org.springframework.test.context.support.DependencyInjectionTestExecutionListener, org.springframework.test.context.support.DirtiesContextTestExecutionListener, org.springframework.test.context.transaction.TransactionalTestExecutionListener, org.springframework.test.context.jdbc.SqlScriptsTestExecutionListener]


[INFO ] 2018-11-03 14:38:37,940 method:org.springframework.test.context.support.AbstractTestContextBootstrapper.getTestExecutionListeners(AbstractTestContextBootstrapper.java:174)
Using TestExecutionListeners: [org.springframework.test.context.support.DirtiesContextBeforeModesTestExecutionListener@1753acfe, org.springframework.test.context.support.DependencyInjectionTestExecutionListener@7c16905e, org.springframework.test.context.support.DirtiesContextTestExecutionListener@2a2d45ba, org.springframework.test.context.transaction.TransactionalTestExecutionListener@2a5ca609, org.springframework.test.context.jdbc.SqlScriptsTestExecutionListener@20e2cbe0]


[INFO ] 2018-11-03 14:38:38,535 method:org.springframework.beans.factory.xml.XmlBeanDefinitionReader.loadBeanDefinitions(XmlBeanDefinitionReader.java:317)
Loading XML bean definitions from class path resource [applicationContext_dao.xml]


[INFO ] 2018-11-03 14:38:39,642 method:org.springframework.context.support.AbstractApplicationContext.prepareRefresh(AbstractApplicationContext.java:583)
Refreshing org.springframework.context.support.GenericApplicationContext@5700d6b1: startup date [Sat Nov 03 14:38:39 CST 2018]; root of context hierarchy


[INFO ] 2018-11-03 14:38:42,591 method:com.alibaba.druid.pool.DruidDataSource.init(DruidDataSource.java:655)
{dataSource-1} inited


[INFO ] 2018-11-03 14:38:43,771 method:org.springframework.context.support.AbstractApplicationContext.doClose(AbstractApplicationContext.java:984)
Closing org.springframework.context.support.GenericApplicationContext@5700d6b1: startup date [Sat Nov 03 14:38:39 CST 2018]; root of context hierarchy


[INFO ] 2018-11-03 14:38:43,780 method:com.alibaba.druid.pool.DruidDataSource.close(DruidDataSource.java:1370)
{dataSource-1} closed


[INFO ] 2018-11-03 14:39:41,238 method:org.springframework.test.context.support.AbstractTestContextBootstrapper.getDefaultTestExecutionListenerClassNames(AbstractTestContextBootstrapper.java:248)
Loaded default TestExecutionListener class names from location [META-INF/spring.factories]: [org.springframework.test.context.web.ServletTestExecutionListener, org.springframework.test.context.support.DirtiesContextBeforeModesTestExecutionListener, org.springframework.test.context.support.DependencyInjectionTestExecutionListener, org.springframework.test.context.support.DirtiesContextTestExecutionListener, org.springframework.test.context.transaction.TransactionalTestExecutionListener, org.springframework.test.context.jdbc.SqlScriptsTestExecutionListener]


[INFO ] 2018-11-03 14:39:41,274 method:org.springframework.test.context.support.AbstractTestContextBootstrapper.getTestExecutionListeners(AbstractTestContextBootstrapper.java:174)
Using TestExecutionListeners: [org.springframework.test.context.support.DirtiesContextBeforeModesTestExecutionListener@1753acfe, org.springframework.test.context.support.DependencyInjectionTestExecutionListener@7c16905e, org.springframework.test.context.support.DirtiesContextTestExecutionListener@2a2d45ba, org.springframework.test.context.transaction.TransactionalTestExecutionListener@2a5ca609, org.springframework.test.context.jdbc.SqlScriptsTestExecutionListener@20e2cbe0]


[INFO ] 2018-11-03 14:39:41,731 method:org.springframework.beans.factory.xml.XmlBeanDefinitionReader.loadBeanDefinitions(XmlBeanDefinitionReader.java:317)
Loading XML bean definitions from class path resource [applicationContext_dao.xml]


[INFO ] 2018-11-03 14:39:42,304 method:org.springframework.context.support.AbstractApplicationContext.prepareRefresh(AbstractApplicationContext.java:583)
Refreshing org.springframework.context.support.GenericApplicationContext@5700d6b1: startup date [Sat Nov 03 14:39:42 CST 2018]; root of context hierarchy


[INFO ] 2018-11-03 14:39:44,918 method:com.alibaba.druid.pool.DruidDataSource.init(DruidDataSource.java:655)
{dataSource-1} inited


[INFO ] 2018-11-03 14:39:45,644 method:org.springframework.context.support.AbstractApplicationContext.doClose(AbstractApplicationContext.java:984)
Closing org.springframework.context.support.GenericApplicationContext@5700d6b1: startup date [Sat Nov 03 14:39:42 CST 2018]; root of context hierarchy


[INFO ] 2018-11-03 14:39:45,653 method:com.alibaba.druid.pool.DruidDataSource.close(DruidDataSource.java:1370)
{dataSource-1} closed


[INFO ] 2018-11-03 14:40:17,081 method:org.springframework.test.context.support.AbstractTestContextBootstrapper.getDefaultTestExecutionListenerClassNames(AbstractTestContextBootstrapper.java:248)
Loaded default TestExecutionListener class names from location [META-INF/spring.factories]: [org.springframework.test.context.web.ServletTestExecutionListener, org.springframework.test.context.support.DirtiesContextBeforeModesTestExecutionListener, org.springframework.test.context.support.DependencyInjectionTestExecutionListener, org.springframework.test.context.support.DirtiesContextTestExecutionListener, org.springframework.test.context.transaction.TransactionalTestExecutionListener, org.springframework.test.context.jdbc.SqlScriptsTestExecutionListener]


[INFO ] 2018-11-03 14:40:17,123 method:org.springframework.test.context.support.AbstractTestContextBootstrapper.getTestExecutionListeners(AbstractTestContextBootstrapper.java:174)
Using TestExecutionListeners: [org.springframework.test.context.support.DirtiesContextBeforeModesTestExecutionListener@60dcc9fe, org.springframework.test.context.support.DependencyInjectionTestExecutionListener@222114ba, org.springframework.test.context.support.DirtiesContextTestExecutionListener@16e7dcfd, org.springframework.test.context.transaction.TransactionalTestExecutionListener@3d121db3, org.springframework.test.context.jdbc.SqlScriptsTestExecutionListener@3b07a0d6]


[INFO ] 2018-11-03 14:40:17,662 method:org.springframework.beans.factory.xml.XmlBeanDefinitionReader.loadBeanDefinitions(XmlBeanDefinitionReader.java:317)
Loading XML bean definitions from class path resource [applicationContext_dao.xml]


[INFO ] 2018-11-03 14:40:18,263 method:org.springframework.context.support.AbstractApplicationContext.prepareRefresh(AbstractApplicationContext.java:583)
Refreshing org.springframework.context.support.GenericApplicationContext@34b7ac2f: startup date [Sat Nov 03 14:40:18 CST 2018]; root of context hierarchy


[INFO ] 2018-11-03 14:42:48,485 method:com.alibaba.druid.pool.DruidDataSource.init(DruidDataSource.java:655)
{dataSource-1} inited


[INFO ] 2018-11-03 14:44:01,966 method:org.springframework.test.context.support.AbstractTestContextBootstrapper.getDefaultTestExecutionListenerClassNames(AbstractTestContextBootstrapper.java:248)
Loaded default TestExecutionListener class names from location [META-INF/spring.factories]: [org.springframework.test.context.web.ServletTestExecutionListener, org.springframework.test.context.support.DirtiesContextBeforeModesTestExecutionListener, org.springframework.test.context.support.DependencyInjectionTestExecutionListener, org.springframework.test.context.support.DirtiesContextTestExecutionListener, org.springframework.test.context.transaction.TransactionalTestExecutionListener, org.springframework.test.context.jdbc.SqlScriptsTestExecutionListener]


[INFO ] 2018-11-03 14:44:02,002 method:org.springframework.test.context.support.AbstractTestContextBootstrapper.getTestExecutionListeners(AbstractTestContextBootstrapper.java:174)
Using TestExecutionListeners: [org.springframework.test.context.support.DirtiesContextBeforeModesTestExecutionListener@1753acfe, org.springframework.test.context.support.DependencyInjectionTestExecutionListener@7c16905e, org.springframework.test.context.support.DirtiesContextTestExecutionListener@2a2d45ba, org.springframework.test.context.transaction.TransactionalTestExecutionListener@2a5ca609, org.springframework.test.context.jdbc.SqlScriptsTestExecutionListener@20e2cbe0]


[INFO ] 2018-11-03 14:44:02,449 method:org.springframework.beans.factory.xml.XmlBeanDefinitionReader.loadBeanDefinitions(XmlBeanDefinitionReader.java:317)
Loading XML bean definitions from class path resource [applicationContext_dao.xml]


[INFO ] 2018-11-03 14:44:03,004 method:org.springframework.context.support.AbstractApplicationContext.prepareRefresh(AbstractApplicationContext.java:583)
Refreshing org.springframework.context.support.GenericApplicationContext@5700d6b1: startup date [Sat Nov 03 14:44:02 CST 2018]; root of context hierarchy


[INFO ] 2018-11-03 14:44:05,228 method:com.alibaba.druid.pool.DruidDataSource.init(DruidDataSource.java:655)
{dataSource-1} inited


[INFO ] 2018-11-03 14:44:05,927 method:org.springframework.context.support.AbstractApplicationContext.doClose(AbstractApplicationContext.java:984)
Closing org.springframework.context.support.GenericApplicationContext@5700d6b1: startup date [Sat Nov 03 14:44:02 CST 2018]; root of context hierarchy


[INFO ] 2018-11-03 14:44:05,939 method:com.alibaba.druid.pool.DruidDataSource.close(DruidDataSource.java:1370)
{dataSource-1} closed


[INFO ] 2018-11-03 14:45:15,978 method:org.springframework.test.context.support.AbstractTestContextBootstrapper.getDefaultTestExecutionListenerClassNames(AbstractTestContextBootstrapper.java:248)
Loaded default TestExecutionListener class names from location [META-INF/spring.factories]: [org.springframework.test.context.web.ServletTestExecutionListener, org.springframework.test.context.support.DirtiesContextBeforeModesTestExecutionListener, org.springframework.test.context.support.DependencyInjectionTestExecutionListener, org.springframework.test.context.support.DirtiesContextTestExecutionListener, org.springframework.test.context.transaction.TransactionalTestExecutionListener, org.springframework.test.context.jdbc.SqlScriptsTestExecutionListener]


[INFO ] 2018-11-03 14:45:16,003 method:org.springframework.test.context.support.AbstractTestContextBootstrapper.getTestExecutionListeners(AbstractTestContextBootstrapper.java:174)
Using TestExecutionListeners: [org.springframework.test.context.support.DirtiesContextBeforeModesTestExecutionListener@1753acfe, org.springframework.test.context.support.DependencyInjectionTestExecutionListener@7c16905e, org.springframework.test.context.support.DirtiesContextTestExecutionListener@2a2d45ba, org.springframework.test.context.transaction.TransactionalTestExecutionListener@2a5ca609, org.springframework.test.context.jdbc.SqlScriptsTestExecutionListener@20e2cbe0]


[INFO ] 2018-11-03 14:45:16,356 method:org.springframework.beans.factory.xml.XmlBeanDefinitionReader.loadBeanDefinitions(XmlBeanDefinitionReader.java:317)
Loading XML bean definitions from class path resource [applicationContext_dao.xml]


[INFO ] 2018-11-03 14:45:16,927 method:org.springframework.context.support.AbstractApplicationContext.prepareRefresh(AbstractApplicationContext.java:583)
Refreshing org.springframework.context.support.GenericApplicationContext@5700d6b1: startup date [Sat Nov 03 14:45:16 CST 2018]; root of context hierarchy


[INFO ] 2018-11-03 14:45:19,215 method:com.alibaba.druid.pool.DruidDataSource.init(DruidDataSource.java:655)
{dataSource-1} inited


[INFO ] 2018-11-03 14:45:19,693 method:org.springframework.context.support.AbstractApplicationContext.doClose(AbstractApplicationContext.java:984)
Closing org.springframework.context.support.GenericApplicationContext@5700d6b1: startup date [Sat Nov 03 14:45:16 CST 2018]; root of context hierarchy


[INFO ] 2018-11-03 14:45:19,701 method:com.alibaba.druid.pool.DruidDataSource.close(DruidDataSource.java:1370)
{dataSource-1} closed


[INFO ] 2018-11-03 14:46:23,964 method:org.springframework.test.context.support.AbstractTestContextBootstrapper.getDefaultTestExecutionListenerClassNames(AbstractTestContextBootstrapper.java:248)
Loaded default TestExecutionListener class names from location [META-INF/spring.factories]: [org.springframework.test.context.web.ServletTestExecutionListener, org.springframework.test.context.support.DirtiesContextBeforeModesTestExecutionListener, org.springframework.test.context.support.DependencyInjectionTestExecutionListener, org.springframework.test.context.support.DirtiesContextTestExecutionListener, org.springframework.test.context.transaction.TransactionalTestExecutionListener, org.springframework.test.context.jdbc.SqlScriptsTestExecutionListener]


[INFO ] 2018-11-03 14:46:24,000 method:org.springframework.test.context.support.AbstractTestContextBootstrapper.getTestExecutionListeners(AbstractTestContextBootstrapper.java:174)
Using TestExecutionListeners: [org.springframework.test.context.support.DirtiesContextBeforeModesTestExecutionListener@1753acfe, org.springframework.test.context.support.DependencyInjectionTestExecutionListener@7c16905e, org.springframework.test.context.support.DirtiesContextTestExecutionListener@2a2d45ba, org.springframework.test.context.transaction.TransactionalTestExecutionListener@2a5ca609, org.springframework.test.context.jdbc.SqlScriptsTestExecutionListener@20e2cbe0]


[INFO ] 2018-11-03 14:46:24,509 method:org.springframework.beans.factory.xml.XmlBeanDefinitionReader.loadBeanDefinitions(XmlBeanDefinitionReader.java:317)
Loading XML bean definitions from class path resource [applicationContext_dao.xml]


[INFO ] 2018-11-03 14:46:25,175 method:org.springframework.context.support.AbstractApplicationContext.prepareRefresh(AbstractApplicationContext.java:583)
Refreshing org.springframework.context.support.GenericApplicationContext@5700d6b1: startup date [Sat Nov 03 14:46:25 CST 2018]; root of context hierarchy


[INFO ] 2018-11-03 14:46:27,197 method:com.alibaba.druid.pool.DruidDataSource.init(DruidDataSource.java:655)
{dataSource-1} inited


[INFO ] 2018-11-03 14:46:27,841 method:org.springframework.context.support.AbstractApplicationContext.doClose(AbstractApplicationContext.java:984)
Closing org.springframework.context.support.GenericApplicationContext@5700d6b1: startup date [Sat Nov 03 14:46:25 CST 2018]; root of context hierarchy


[INFO ] 2018-11-03 14:46:27,851 method:com.alibaba.druid.pool.DruidDataSource.close(DruidDataSource.java:1370)
{dataSource-1} closed


[INFO ] 2018-11-03 14:47:42,144 method:org.springframework.test.context.support.AbstractTestContextBootstrapper.getDefaultTestExecutionListenerClassNames(AbstractTestContextBootstrapper.java:248)
Loaded default TestExecutionListener class names from location [META-INF/spring.factories]: [org.springframework.test.context.web.ServletTestExecutionListener, org.springframework.test.context.support.DirtiesContextBeforeModesTestExecutionListener, org.springframework.test.context.support.DependencyInjectionTestExecutionListener, org.springframework.test.context.support.DirtiesContextTestExecutionListener, org.springframework.test.context.transaction.TransactionalTestExecutionListener, org.springframework.test.context.jdbc.SqlScriptsTestExecutionListener]


[INFO ] 2018-11-03 14:47:42,200 method:org.springframework.test.context.support.AbstractTestContextBootstrapper.getTestExecutionListeners(AbstractTestContextBootstrapper.java:174)
Using TestExecutionListeners: [org.springframework.test.context.support.DirtiesContextBeforeModesTestExecutionListener@1753acfe, org.springframework.test.context.support.DependencyInjectionTestExecutionListener@7c16905e, org.springframework.test.context.support.DirtiesContextTestExecutionListener@2a2d45ba, org.springframework.test.context.transaction.TransactionalTestExecutionListener@2a5ca609, org.springframework.test.context.jdbc.SqlScriptsTestExecutionListener@20e2cbe0]


[INFO ] 2018-11-03 14:47:42,712 method:org.springframework.beans.factory.xml.XmlBeanDefinitionReader.loadBeanDefinitions(XmlBeanDefinitionReader.java:317)
Loading XML bean definitions from class path resource [applicationContext_dao.xml]


[INFO ] 2018-11-03 14:47:43,467 method:org.springframework.context.support.AbstractApplicationContext.prepareRefresh(AbstractApplicationContext.java:583)
Refreshing org.springframework.context.support.GenericApplicationContext@5700d6b1: startup date [Sat Nov 03 14:47:43 CST 2018]; root of context hierarchy


[INFO ] 2018-11-03 14:47:45,904 method:com.alibaba.druid.pool.DruidDataSource.init(DruidDataSource.java:655)
{dataSource-1} inited


[INFO ] 2018-11-03 14:47:46,604 method:org.springframework.context.support.AbstractApplicationContext.doClose(AbstractApplicationContext.java:984)
Closing org.springframework.context.support.GenericApplicationContext@5700d6b1: startup date [Sat Nov 03 14:47:43 CST 2018]; root of context hierarchy


[INFO ] 2018-11-03 14:47:46,617 method:com.alibaba.druid.pool.DruidDataSource.close(DruidDataSource.java:1370)
{dataSource-1} closed


[INFO ] 2018-11-03 14:48:42,045 method:org.springframework.test.context.support.AbstractTestContextBootstrapper.getDefaultTestExecutionListenerClassNames(AbstractTestContextBootstrapper.java:248)
Loaded default TestExecutionListener class names from location [META-INF/spring.factories]: [org.springframework.test.context.web.ServletTestExecutionListener, org.springframework.test.context.support.DirtiesContextBeforeModesTestExecutionListener, org.springframework.test.context.support.DependencyInjectionTestExecutionListener, org.springframework.test.context.support.DirtiesContextTestExecutionListener, org.springframework.test.context.transaction.TransactionalTestExecutionListener, org.springframework.test.context.jdbc.SqlScriptsTestExecutionListener]


[INFO ] 2018-11-03 14:48:42,072 method:org.springframework.test.context.support.AbstractTestContextBootstrapper.getTestExecutionListeners(AbstractTestContextBootstrapper.java:174)
Using TestExecutionListeners: [org.springframework.test.context.support.DirtiesContextBeforeModesTestExecutionListener@1753acfe, org.springframework.test.context.support.DependencyInjectionTestExecutionListener@7c16905e, org.springframework.test.context.support.DirtiesContextTestExecutionListener@2a2d45ba, org.springframework.test.context.transaction.TransactionalTestExecutionListener@2a5ca609, org.springframework.test.context.jdbc.SqlScriptsTestExecutionListener@20e2cbe0]


[INFO ] 2018-11-03 14:48:42,606 method:org.springframework.beans.factory.xml.XmlBeanDefinitionReader.loadBeanDefinitions(XmlBeanDefinitionReader.java:317)
Loading XML bean definitions from class path resource [applicationContext_dao.xml]


[INFO ] 2018-11-03 14:48:43,352 method:org.springframework.context.support.AbstractApplicationContext.prepareRefresh(AbstractApplicationContext.java:583)
Refreshing org.springframework.context.support.GenericApplicationContext@5700d6b1: startup date [Sat Nov 03 14:48:43 CST 2018]; root of context hierarchy


[INFO ] 2018-11-03 14:48:45,963 method:com.alibaba.druid.pool.DruidDataSource.init(DruidDataSource.java:655)
{dataSource-1} inited


[INFO ] 2018-11-03 14:48:46,572 method:org.springframework.context.support.AbstractApplicationContext.doClose(AbstractApplicationContext.java:984)
Closing org.springframework.context.support.GenericApplicationContext@5700d6b1: startup date [Sat Nov 03 14:48:43 CST 2018]; root of context hierarchy


[INFO ] 2018-11-03 14:48:46,583 method:com.alibaba.druid.pool.DruidDataSource.close(DruidDataSource.java:1370)
{dataSource-1} closed


[INFO ] 2018-11-03 14:51:25,045 method:org.springframework.test.context.support.AbstractTestContextBootstrapper.getDefaultTestExecutionListenerClassNames(AbstractTestContextBootstrapper.java:248)
Loaded default TestExecutionListener class names from location [META-INF/spring.factories]: [org.springframework.test.context.web.ServletTestExecutionListener, org.springframework.test.context.support.DirtiesContextBeforeModesTestExecutionListener, org.springframework.test.context.support.DependencyInjectionTestExecutionListener, org.springframework.test.context.support.DirtiesContextTestExecutionListener, org.springframework.test.context.transaction.TransactionalTestExecutionListener, org.springframework.test.context.jdbc.SqlScriptsTestExecutionListener]


[INFO ] 2018-11-03 14:51:25,084 method:org.springframework.test.context.support.AbstractTestContextBootstrapper.getTestExecutionListeners(AbstractTestContextBootstrapper.java:174)
Using TestExecutionListeners: [org.springframework.test.context.support.DirtiesContextBeforeModesTestExecutionListener@1753acfe, org.springframework.test.context.support.DependencyInjectionTestExecutionListener@7c16905e, org.springframework.test.context.support.DirtiesContextTestExecutionListener@2a2d45ba, org.springframework.test.context.transaction.TransactionalTestExecutionListener@2a5ca609, org.springframework.test.context.jdbc.SqlScriptsTestExecutionListener@20e2cbe0]


[INFO ] 2018-11-03 14:51:25,422 method:org.springframework.beans.factory.xml.XmlBeanDefinitionReader.loadBeanDefinitions(XmlBeanDefinitionReader.java:317)
Loading XML bean definitions from class path resource [applicationContext_dao.xml]


[INFO ] 2018-11-03 14:51:26,356 method:org.springframework.context.support.AbstractApplicationContext.prepareRefresh(AbstractApplicationContext.java:583)
Refreshing org.springframework.context.support.GenericApplicationContext@5700d6b1: startup date [Sat Nov 03 14:51:26 CST 2018]; root of context hierarchy


[INFO ] 2018-11-03 14:51:29,107 method:com.alibaba.druid.pool.DruidDataSource.init(DruidDataSource.java:655)
{dataSource-1} inited


[INFO ] 2018-11-03 14:51:29,754 method:org.springframework.context.support.AbstractApplicationContext.doClose(AbstractApplicationContext.java:984)
Closing org.springframework.context.support.GenericApplicationContext@5700d6b1: startup date [Sat Nov 03 14:51:26 CST 2018]; root of context hierarchy


[INFO ] 2018-11-03 14:51:29,767 method:com.alibaba.druid.pool.DruidDataSource.close(DruidDataSource.java:1370)
{dataSource-1} closed


[INFO ] 2018-11-03 15:04:38,911 method:org.springframework.test.context.support.AbstractTestContextBootstrapper.getDefaultTestExecutionListenerClassNames(AbstractTestContextBootstrapper.java:248)
Loaded default TestExecutionListener class names from location [META-INF/spring.factories]: [org.springframework.test.context.web.ServletTestExecutionListener, org.springframework.test.context.support.DirtiesContextBeforeModesTestExecutionListener, org.springframework.test.context.support.DependencyInjectionTestExecutionListener, org.springframework.test.context.support.DirtiesContextTestExecutionListener, org.springframework.test.context.transaction.TransactionalTestExecutionListener, org.springframework.test.context.jdbc.SqlScriptsTestExecutionListener]


[INFO ] 2018-11-03 15:04:38,953 method:org.springframework.test.context.support.AbstractTestContextBootstrapper.getTestExecutionListeners(AbstractTestContextBootstrapper.java:174)
Using TestExecutionListeners: [org.springframework.test.context.support.DirtiesContextBeforeModesTestExecutionListener@1753acfe, org.springframework.test.context.support.DependencyInjectionTestExecutionListener@7c16905e, org.springframework.test.context.support.DirtiesContextTestExecutionListener@2a2d45ba, org.springframework.test.context.transaction.TransactionalTestExecutionListener@2a5ca609, org.springframework.test.context.jdbc.SqlScriptsTestExecutionListener@20e2cbe0]


[INFO ] 2018-11-03 15:04:39,429 method:org.springframework.beans.factory.xml.XmlBeanDefinitionReader.loadBeanDefinitions(XmlBeanDefinitionReader.java:317)
Loading XML bean definitions from class path resource [applicationContext_dao.xml]


[INFO ] 2018-11-03 15:04:40,538 method:org.springframework.context.support.AbstractApplicationContext.prepareRefresh(AbstractApplicationContext.java:583)
Refreshing org.springframework.context.support.GenericApplicationContext@5700d6b1: startup date [Sat Nov 03 15:04:40 CST 2018]; root of context hierarchy


[INFO ] 2018-11-03 15:04:43,545 method:com.alibaba.druid.pool.DruidDataSource.init(DruidDataSource.java:655)
{dataSource-1} inited


[INFO ] 2018-11-03 15:04:44,555 method:org.springframework.context.support.AbstractApplicationContext.doClose(AbstractApplicationContext.java:984)
Closing org.springframework.context.support.GenericApplicationContext@5700d6b1: startup date [Sat Nov 03 15:04:40 CST 2018]; root of context hierarchy


[INFO ] 2018-11-03 15:04:44,566 method:com.alibaba.druid.pool.DruidDataSource.close(DruidDataSource.java:1370)
{dataSource-1} closed


[INFO ] 2018-11-03 15:06:08,804 method:org.springframework.test.context.support.AbstractTestContextBootstrapper.getDefaultTestExecutionListenerClassNames(AbstractTestContextBootstrapper.java:248)
Loaded default TestExecutionListener class names from location [META-INF/spring.factories]: [org.springframework.test.context.web.ServletTestExecutionListener, org.springframework.test.context.support.DirtiesContextBeforeModesTestExecutionListener, org.springframework.test.context.support.DependencyInjectionTestExecutionListener, org.springframework.test.context.support.DirtiesContextTestExecutionListener, org.springframework.test.context.transaction.TransactionalTestExecutionListener, org.springframework.test.context.jdbc.SqlScriptsTestExecutionListener]


[INFO ] 2018-11-03 15:06:08,839 method:org.springframework.test.context.support.AbstractTestContextBootstrapper.getTestExecutionListeners(AbstractTestContextBootstrapper.java:174)
Using TestExecutionListeners: [org.springframework.test.context.support.DirtiesContextBeforeModesTestExecutionListener@1753acfe, org.springframework.test.context.support.DependencyInjectionTestExecutionListener@7c16905e, org.springframework.test.context.support.DirtiesContextTestExecutionListener@2a2d45ba, org.springframework.test.context.transaction.TransactionalTestExecutionListener@2a5ca609, org.springframework.test.context.jdbc.SqlScriptsTestExecutionListener@20e2cbe0]


[INFO ] 2018-11-03 15:06:09,226 method:org.springframework.beans.factory.xml.XmlBeanDefinitionReader.loadBeanDefinitions(XmlBeanDefinitionReader.java:317)
Loading XML bean definitions from class path resource [applicationContext_dao.xml]


[INFO ] 2018-11-03 15:06:09,835 method:org.springframework.context.support.AbstractApplicationContext.prepareRefresh(AbstractApplicationContext.java:583)
Refreshing org.springframework.context.support.GenericApplicationContext@5700d6b1: startup date [Sat Nov 03 15:06:09 CST 2018]; root of context hierarchy


[INFO ] 2018-11-03 15:06:12,546 method:com.alibaba.druid.pool.DruidDataSource.init(DruidDataSource.java:655)
{dataSource-1} inited


[INFO ] 2018-11-03 15:06:13,425 method:org.springframework.context.support.AbstractApplicationContext.doClose(AbstractApplicationContext.java:984)
Closing org.springframework.context.support.GenericApplicationContext@5700d6b1: startup date [Sat Nov 03 15:06:09 CST 2018]; root of context hierarchy


[INFO ] 2018-11-03 15:06:13,438 method:com.alibaba.druid.pool.DruidDataSource.close(DruidDataSource.java:1370)
{dataSource-1} closed


[INFO ] 2018-11-06 17:30:29,499 method:org.springframework.test.context.support.AbstractTestContextBootstrapper.getDefaultTestExecutionListenerClassNames(AbstractTestContextBootstrapper.java:248)
Loaded default TestExecutionListener class names from location [META-INF/spring.factories]: [org.springframework.test.context.web.ServletTestExecutionListener, org.springframework.test.context.support.DirtiesContextBeforeModesTestExecutionListener, org.springframework.test.context.support.DependencyInjectionTestExecutionListener, org.springframework.test.context.support.DirtiesContextTestExecutionListener, org.springframework.test.context.transaction.TransactionalTestExecutionListener, org.springframework.test.context.jdbc.SqlScriptsTestExecutionListener]


[INFO ] 2018-11-06 17:30:29,540 method:org.springframework.test.context.support.AbstractTestContextBootstrapper.getTestExecutionListeners(AbstractTestContextBootstrapper.java:174)
Using TestExecutionListeners: [org.springframework.test.context.support.DirtiesContextBeforeModesTestExecutionListener@7823a2f9, org.springframework.test.context.support.DependencyInjectionTestExecutionListener@4cc0edeb, org.springframework.test.context.support.DirtiesContextTestExecutionListener@457e2f02, org.springframework.test.context.transaction.TransactionalTestExecutionListener@5c7fa833, org.springframework.test.context.jdbc.SqlScriptsTestExecutionListener@39aeed2f]


[INFO ] 2018-11-06 17:30:29,953 method:org.springframework.beans.factory.xml.XmlBeanDefinitionReader.loadBeanDefinitions(XmlBeanDefinitionReader.java:317)
Loading XML bean definitions from class path resource [applicationContext_dao.xml]


[INFO ] 2018-11-06 17:30:30,496 method:org.springframework.context.support.AbstractApplicationContext.prepareRefresh(AbstractApplicationContext.java:583)
Refreshing org.springframework.context.support.GenericApplicationContext@6e06451e: startup date [Tue Nov 06 17:30:30 CST 2018]; root of context hierarchy


[INFO ] 2018-11-06 17:30:32,731 method:com.alibaba.druid.pool.DruidDataSource.init(DruidDataSource.java:655)
{dataSource-1} inited


[INFO ] 2018-11-06 17:30:33,458 method:org.springframework.context.support.AbstractApplicationContext.doClose(AbstractApplicationContext.java:984)
Closing org.springframework.context.support.GenericApplicationContext@6e06451e: startup date [Tue Nov 06 17:30:30 CST 2018]; root of context hierarchy


[INFO ] 2018-11-06 17:30:33,464 method:com.alibaba.druid.pool.DruidDataSource.close(DruidDataSource.java:1370)
{dataSource-1} closed
